<?xml version="1.0" encoding="UTF-8"?>
<!-- Generated by org.testng.reporters.JUnitXMLReporter -->
<testsuite ignored="1" hostname="DESKTOP-BD7D664" failures="0" tests="1" name="Default test" time="17.197" errors="0" timestamp="2025-05-28T14:44:49 IST">
  <testcase classname="register.TC_RF_005" name="registeringAccountByProvidingNoOptForNewsLetter" time="6.976"/>
  <testcase classname="register.TC_RF_005" name="registeringAccountByProvidingYesOptForNewsLetter" time="0.0">
    <ignored/>
  </testcase> <!-- registeringAccountByProvidingYesOptForNewsLetter -->
</testsuite> <!-- Default test -->
