<?xml version="1.0" encoding="UTF-8"?>
<testng-results ignored="0" total="1" passed="1" failed="0" skipped="0">
  <reporter-output>
  </reporter-output>
  <suite started-at="2025-05-28T14:44:32 IST" name="Default suite" finished-at="2025-05-28T14:44:49 IST" duration-ms="17197">
    <groups>
    </groups>
    <test started-at="2025-05-28T14:44:32 IST" name="Default test" finished-at="2025-05-28T14:44:49 IST" duration-ms="17197">
      <class name="register.TC_RF_005">
        <test-method is-config="true" signature="setup()[pri:0, instance:register.TC_RF_005@13e344d]" started-at="2025-05-28T14:44:32 IST" name="setup" finished-at="2025-05-28T14:44:42 IST" duration-ms="10115" status="PASS">
          <reporter-output>
          </reporter-output>
        </test-method> <!-- setup -->
        <test-method signature="registeringAccountByProvidingNoOptForNewsLetter()[pri:0, instance:register.TC_RF_005@13e344d]" started-at="2025-05-28T14:44:42 IST" name="registeringAccountByProvidingNoOptForNewsLetter" finished-at="2025-05-28T14:44:49 IST" duration-ms="6976" status="PASS">
          <reporter-output>
          </reporter-output>
        </test-method> <!-- registeringAccountByProvidingNoOptForNewsLetter -->
      </class> <!-- register.TC_RF_005 -->
    </test> <!-- Default test -->
  </suite> <!-- Default suite -->
</testng-results>
